<?xml version="1.0" encoding="UTF-8"?>
<!-- Generated by org.testng.reporters.JUnitXMLReporter -->
<testsuite hostname="DINESH" ignored="0" name="Test" tests="8" failures="0" timestamp="27 Dec 2021 08:48:47 GMT" time="0.322" errors="0">
  <testcase name="clasA" time="0.04" classname="source.testng.Class1"/>
  <testcase name="clasB" time="0.007" classname="source.testng.Class1"/>
  <testcase name="clasC" time="0.009" classname="source.testng.Class1"/>
  <testcase name="classE" time="0.008" classname="source.testng.Class2"/>
  <testcase name="classF" time="0.016" classname="source.testng.Class2"/>
  <testcase name="meth987" time="0.008" classname="source.testng.Class3"/>
  <testcase name="meth988" time="0.008" classname="source.testng.Class3"/>
  <testcase name="meth999" time="0.009" classname="source.testng.Class3"/>
</testsuite> <!-- Test -->
